<?xml version="1.0" encoding="UTF-8"?>
<testsuite xmlns:xsi="http://www.w3.org/2001/XMLSchema-instance" xsi:noNamespaceSchemaLocation="https://maven.apache.org/surefire/maven-surefire-plugin/xsd/surefire-test-report-3.0.xsd" version="3.0" name="es.davidrico.mockito.ExamenServiceImplTest" time="1.045" tests="6" errors="0" skipped="0" failures="0">
  <properties>
[...]
</properties>
  <testcase name="findExamenPorNombreListaVacia" classname="es.davidrico.mockito.ExamenServiceImplTest" time="0.979"/>
  <testcase name="testPreguntasExamen" classname="es.davidrico.mockito.ExamenServiceImplTest" time="0.008"/>
  <testcase name="testPreguntasExamenVerify" classname="es.davidrico.mockito.ExamenServiceImplTest" time="0.01"/>
  <testcase name="findExamenPorNombre" classname="es.davidrico.mockito.ExamenServiceImplTest" time="0.003"/>
  <testcase name="testNoExisteExamenVerify" classname="es.davidrico.mockito.ExamenServiceImplTest" time="0.003"/>
  <testcase name="testGuardarExamen" classname="es.davidrico.mockito.ExamenServiceImplTest" time="0.007"/>
</testsuite>